# JRE version: OpenJDK Runtime Environment (8.0_242-b01) (build 1.8.0_242-release-1644-b01)
# Java VM: OpenJDK 64-Bit Server VM (25.242-b01 mixed mode windows-amd64 compressed oops)
Heap:
 PSYoungGen      total 246784K, used 177575K [0x00000000d5580000, 0x00000000e7600000, 0x0000000100000000)
  eden space 204288K, 72% used [0x00000000d5580000,0x00000000de5c0128,0x00000000e1d00000)
  from space 42496K, 70% used [0x00000000e4c80000,0x00000000e69a9b68,0x00000000e7600000)
  to   space 45568K, 0% used [0x00000000e1d00000,0x00000000e1d00000,0x00000000e4980000)
 ParOldGen       total 179712K, used 87444K [0x0000000080000000, 0x000000008af80000, 0x00000000d5580000)
  object space 179712K, 48% used [0x0000000080000000,0x0000000085565388,0x000000008af80000)
 Metaspace       used 91779K, capacity 96290K, committed 96552K, reserved 1132544K
  class space    used 12143K, capacity 13080K, committed 13104K, reserved 1048576K
GC Heap History (10 events):
Event: 40.572 GC heap before
{Heap before GC invocations=21 (full 3):
 PSYoungGen      total 153088K, used 153084K [0x00000000d5580000, 0x00000000e2000000, 0x0000000100000000)
  eden space 129536K, 100% used [0x00000000d5580000,0x00000000dd400000,0x00000000dd400000)
  from space 23552K, 99% used [0x00000000dd400000,0x00000000deaff030,0x00000000deb00000)
  to   space 28672K, 0% used [0x00000000e0400000,0x00000000e0400000,0x00000000e2000000)
 ParOldGen       total 179712K, used 45324K [0x0000000080000000, 0x000000008af80000, 0x00000000d5580000)
  object space 179712K, 25% used [0x0000000080000000,0x0000000082c43150,0x000000008af80000)
 Metaspace       used 82364K, capacity 85756K, committed 86056K, reserved 1124352K
  class space    used 11190K, capacity 11958K, committed 12080K, reserved 1048576K
Event: 40.592 GC heap after
Heap after GC invocations=21 (full 3):
 PSYoungGen      total 176128K, used 24896K [0x00000000d5580000, 0x00000000e2700000, 0x0000000100000000)
  eden space 147456K, 0% used [0x00000000d5580000,0x00000000d5580000,0x00000000de580000)
  from space 28672K, 86% used [0x00000000e0400000,0x00000000e1c50130,0x00000000e2000000)
  to   space 31232K, 0% used [0x00000000de580000,0x00000000de580000,0x00000000e0400000)
 ParOldGen       total 179712K, used 56047K [0x0000000080000000, 0x000000008af80000, 0x00000000d5580000)
  object space 179712K, 31% used [0x0000000080000000,0x00000000836bbd28,0x000000008af80000)
 Metaspace       used 82364K, capacity 85756K, committed 86056K, reserved 1124352K
  class space    used 11190K, capacity 11958K, committed 12080K, reserved 1048576K
}
Event: 42.022 GC heap before
{Heap before GC invocations=22 (full 3):
 PSYoungGen      total 176128K, used 172352K [0x00000000d5580000, 0x00000000e2700000, 0x0000000100000000)
  eden space 147456K, 100% used [0x00000000d5580000,0x00000000de580000,0x00000000de580000)
  from space 28672K, 86% used [0x00000000e0400000,0x00000000e1c50130,0x00000000e2000000)
  to   space 31232K, 0% used [0x00000000de580000,0x00000000de580000,0x00000000e0400000)
 ParOldGen       total 179712K, used 56047K [0x0000000080000000, 0x000000008af80000, 0x00000000d5580000)
  object space 179712K, 31% used [0x0000000080000000,0x00000000836bbd28,0x000000008af80000)
 Metaspace       used 83665K, capacity 87428K, committed 87720K, reserved 1124352K
  class space    used 11341K, capacity 12136K, committed 12208K, reserved 1048576K
Event: 42.039 GC heap after
Heap after GC invocations=22 (full 3):
 PSYoungGen      total 178688K, used 29592K [0x00000000d5580000, 0x00000000e4580000, 0x0000000100000000)
  eden space 147456K, 0% used [0x00000000d5580000,0x00000000d5580000,0x00000000de580000)
  from space 31232K, 94% used [0x00000000de580000,0x00000000e0266070,0x00000000e0400000)
  to   space 35328K, 0% used [0x00000000e2300000,0x00000000e2300000,0x00000000e4580000)
 ParOldGen       total 179712K, used 56055K [0x0000000080000000, 0x000000008af80000, 0x00000000d5580000)
  object space 179712K, 31% used [0x0000000080000000,0x00000000836bdd28,0x000000008af80000)
 Metaspace       used 83665K, capacity 87428K, committed 87720K, reserved 1124352K
  class space    used 11341K, capacity 12136K, committed 12208K, reserved 1048576K
}
Event: 43.735 GC heap before
{Heap before GC invocations=23 (full 3):
 PSYoungGen      total 178688K, used 177048K [0x00000000d5580000, 0x00000000e4580000, 0x0000000100000000)
  eden space 147456K, 100% used [0x00000000d5580000,0x00000000de580000,0x00000000de580000)
  from space 31232K, 94% used [0x00000000de580000,0x00000000e0266070,0x00000000e0400000)
  to   space 35328K, 0% used [0x00000000e2300000,0x00000000e2300000,0x00000000e4580000)
 ParOldGen       total 179712K, used 56055K [0x0000000080000000, 0x000000008af80000, 0x00000000d5580000)
  object space 179712K, 31% used [0x0000000080000000,0x00000000836bdd28,0x000000008af80000)
 Metaspace       used 84610K, capacity 88488K, committed 88616K, reserved 1126400K
  class space    used 11433K, capacity 12230K, committed 12336K, reserved 1048576K
Event: 43.767 GC heap after
Heap after GC invocations=23 (full 3):
 PSYoungGen      total 203776K, used 35302K [0x00000000d5580000, 0x00000000e5600000, 0x0000000100000000)
  eden space 168448K, 0% used [0x00000000d5580000,0x00000000d5580000,0x00000000dfa00000)
  from space 35328K, 99% used [0x00000000e2300000,0x00000000e4579918,0x00000000e4580000)
  to   space 41984K, 0% used [0x00000000dfa00000,0x00000000dfa00000,0x00000000e2300000)
 ParOldGen       total 179712K, used 61361K [0x0000000080000000, 0x000000008af80000, 0x00000000d5580000)
  object space 179712K, 34% used [0x0000000080000000,0x0000000083bec668,0x000000008af80000)
 Metaspace       used 84610K, capacity 88488K, committed 88616K, reserved 1126400K
  class space    used 11433K, capacity 12230K, committed 12336K, reserved 1048576K
}
Event: 44.686 GC heap before
{Heap before GC invocations=24 (full 3):
 PSYoungGen      total 203776K, used 203750K [0x00000000d5580000, 0x00000000e5600000, 0x0000000100000000)
  eden space 168448K, 100% used [0x00000000d5580000,0x00000000dfa00000,0x00000000dfa00000)
  from space 35328K, 99% used [0x00000000e2300000,0x00000000e4579918,0x00000000e4580000)
  to   space 41984K, 0% used [0x00000000dfa00000,0x00000000dfa00000,0x00000000e2300000)
 ParOldGen       total 179712K, used 61361K [0x0000000080000000, 0x000000008af80000, 0x00000000d5580000)
  object space 179712K, 34% used [0x0000000080000000,0x0000000083bec668,0x000000008af80000)
 Metaspace       used 84637K, capacity 88488K, committed 88616K, reserved 1126400K
  class space    used 11434K, capacity 12230K, committed 12336K, reserved 1048576K
Event: 44.711 GC heap after
Heap after GC invocations=24 (full 3):
 PSYoungGen      total 210432K, used 30773K [0x00000000d5580000, 0x00000000e7780000, 0x0000000100000000)
  eden space 168448K, 0% used [0x00000000d5580000,0x00000000d5580000,0x00000000dfa00000)
  from space 41984K, 73% used [0x00000000dfa00000,0x00000000e180d660,0x00000000e2300000)
  to   space 44032K, 0% used [0x00000000e4c80000,0x00000000e4c80000,0x00000000e7780000)
 ParOldGen       total 179712K, used 73516K [0x0000000080000000, 0x000000008af80000, 0x00000000d5580000)
  object space 179712K, 40% used [0x0000000080000000,0x00000000847cb300,0x000000008af80000)
 Metaspace       used 84637K, capacity 88488K, committed 88616K, reserved 1126400K
  class space    used 11434K, capacity 12230K, committed 12336K, reserved 1048576K
}
Event: 815.578 GC heap before
{Heap before GC invocations=25 (full 3):
 PSYoungGen      total 210432K, used 199221K [0x00000000d5580000, 0x00000000e7780000, 0x0000000100000000)
  eden space 168448K, 100% used [0x00000000d5580000,0x00000000dfa00000,0x00000000dfa00000)
  from space 41984K, 73% used [0x00000000dfa00000,0x00000000e180d660,0x00000000e2300000)
  to   space 44032K, 0% used [0x00000000e4c80000,0x00000000e4c80000,0x00000000e7780000)
 ParOldGen       total 179712K, used 73516K [0x0000000080000000, 0x000000008af80000, 0x00000000d5580000)
  object space 179712K, 40% used [0x0000000080000000,0x00000000847cb300,0x000000008af80000)
 Metaspace       used 90805K, capacity 95122K, committed 95400K, reserved 1132544K
  class space    used 12035K, capacity 12928K, committed 12976K, reserved 1048576K
Event: 815.640 GC heap after
Heap after GC invocations=25 (full 3):
 PSYoungGen      total 246784K, used 29862K [0x00000000d5580000, 0x00000000e7600000, 0x0000000100000000)
  eden space 204288K, 0% used [0x00000000d5580000,0x00000000d5580000,0x00000000e1d00000)
  from space 42496K, 70% used [0x00000000e4c80000,0x00000000e69a9b68,0x00000000e7600000)
  to   space 45568K, 0% used [0x00000000e1d00000,0x00000000e1d00000,0x00000000e4980000)
 ParOldGen       total 179712K, used 87444K [0x0000000080000000, 0x000000008af80000, 0x00000000d5580000)
  object space 179712K, 48% used [0x0000000080000000,0x0000000085565388,0x000000008af80000)
 Metaspace       used 90805K, capacity 95122K, committed 95400K, reserved 1132544K
  class space    used 12035K, capacity 12928K, committed 12976K, reserved 1048576K
}

