# JRE version: OpenJDK Runtime Environment (8.0_242-b01) (build 1.8.0_242-release-1644-b01)
# Java VM: OpenJDK 64-Bit Server VM (25.242-b01 mixed mode windows-amd64 compressed oops)
Heap:
 PSYoungGen      total 586752K, used 523104K [0x00000000d5580000, 0x0000000100000000, 0x0000000100000000)
  eden space 474624K, 86% used [0x00000000d5580000,0x00000000ee6da948,0x00000000f2500000)
  from space 112128K, 99% used [0x00000000f2500000,0x00000000f927d9f0,0x00000000f9280000)
  to   space 112128K, 0% used [0x00000000f9280000,0x00000000f9280000,0x0000000100000000)
 ParOldGen       total 400896K, used 226754K [0x0000000080000000, 0x0000000098780000, 0x00000000d5580000)
  object space 400896K, 56% used [0x0000000080000000,0x000000008dd70900,0x0000000098780000)
 Metaspace       used 76904K, capacity 80103K, committed 80296K, reserved 1118208K
  class space    used 10452K, capacity 11147K, committed 11184K, reserved 1048576K
GC Heap History (10 events):
Event: 74.858 GC heap before
{Heap before GC invocations=19 (full 4):
 PSYoungGen      total 429056K, used 34789K [0x00000000d5580000, 0x00000000fc300000, 0x0000000100000000)
  eden space 394240K, 0% used [0x00000000d5580000,0x00000000d5580000,0x00000000ed680000)
  from space 34816K, 99% used [0x00000000ed680000,0x00000000ef879480,0x00000000ef880000)
  to   space 72704K, 0% used [0x00000000f7c00000,0x00000000f7c00000,0x00000000fc300000)
 ParOldGen       total 180736K, used 180308K [0x0000000080000000, 0x000000008b080000, 0x00000000d5580000)
  object space 180736K, 99% used [0x0000000080000000,0x000000008b015130,0x000000008b080000)
 Metaspace       used 75728K, capacity 78945K, committed 79144K, reserved 1118208K
  class space    used 10300K, capacity 10990K, committed 11056K, reserved 1048576K
Event: 75.368 GC heap after
Heap after GC invocations=19 (full 4):
 PSYoungGen      total 429056K, used 9961K [0x00000000d5580000, 0x00000000fc300000, 0x0000000100000000)
  eden space 394240K, 0% used [0x00000000d5580000,0x00000000d5580000,0x00000000ed680000)
  from space 34816K, 28% used [0x00000000ed680000,0x00000000ee03a7c0,0x00000000ef880000)
  to   space 72704K, 0% used [0x00000000f7c00000,0x00000000f7c00000,0x00000000fc300000)
 ParOldGen       total 400896K, used 177956K [0x0000000080000000, 0x0000000098780000, 0x00000000d5580000)
  object space 400896K, 44% used [0x0000000080000000,0x000000008adc9060,0x0000000098780000)
 Metaspace       used 75648K, capacity 78715K, committed 79144K, reserved 1118208K
  class space    used 10274K, capacity 10945K, committed 11056K, reserved 1048576K
}
Event: 93.681 GC heap before
{Heap before GC invocations=20 (full 4):
 PSYoungGen      total 429056K, used 404201K [0x00000000d5580000, 0x00000000fc300000, 0x0000000100000000)
  eden space 394240K, 100% used [0x00000000d5580000,0x00000000ed680000,0x00000000ed680000)
  from space 34816K, 28% used [0x00000000ed680000,0x00000000ee03a7c0,0x00000000ef880000)
  to   space 72704K, 0% used [0x00000000f7c00000,0x00000000f7c00000,0x00000000fc300000)
 ParOldGen       total 400896K, used 177956K [0x0000000080000000, 0x0000000098780000, 0x00000000d5580000)
  object space 400896K, 44% used [0x0000000080000000,0x000000008adc9060,0x0000000098780000)
 Metaspace       used 75714K, capacity 78797K, committed 79144K, reserved 1118208K
  class space    used 10275K, capacity 10946K, committed 11056K, reserved 1048576K
Event: 93.734 GC heap after
Heap after GC invocations=20 (full 4):
 PSYoungGen      total 543744K, used 72677K [0x00000000d5580000, 0x00000000fe000000, 0x0000000100000000)
  eden space 471040K, 0% used [0x00000000d5580000,0x00000000d5580000,0x00000000f2180000)
  from space 72704K, 99% used [0x00000000f7c00000,0x00000000fc2f97a8,0x00000000fc300000)
  to   space 92672K, 0% used [0x00000000f2180000,0x00000000f2180000,0x00000000f7c00000)
 ParOldGen       total 400896K, used 198650K [0x0000000080000000, 0x0000000098780000, 0x00000000d5580000)
  object space 400896K, 49% used [0x0000000080000000,0x000000008c1febc0,0x0000000098780000)
 Metaspace       used 75714K, capacity 78797K, committed 79144K, reserved 1118208K
  class space    used 10275K, capacity 10946K, committed 11056K, reserved 1048576K
}
Event: 114.338 GC heap before
{Heap before GC invocations=21 (full 4):
 PSYoungGen      total 543744K, used 543717K [0x00000000d5580000, 0x00000000fe000000, 0x0000000100000000)
  eden space 471040K, 100% used [0x00000000d5580000,0x00000000f2180000,0x00000000f2180000)
  from space 72704K, 99% used [0x00000000f7c00000,0x00000000fc2f97a8,0x00000000fc300000)
  to   space 92672K, 0% used [0x00000000f2180000,0x00000000f2180000,0x00000000f7c00000)
 ParOldGen       total 400896K, used 198650K [0x0000000080000000, 0x0000000098780000, 0x00000000d5580000)
  object space 400896K, 49% used [0x0000000080000000,0x000000008c1febc0,0x0000000098780000)
 Metaspace       used 75726K, capacity 78809K, committed 79144K, reserved 1118208K
  class space    used 10276K, capacity 10948K, committed 11056K, reserved 1048576K
Event: 114.383 GC heap after
Heap after GC invocations=21 (full 4):
 PSYoungGen      total 563712K, used 72614K [0x00000000d5580000, 0x0000000100000000, 0x0000000100000000)
  eden space 471040K, 0% used [0x00000000d5580000,0x00000000d5580000,0x00000000f2180000)
  from space 92672K, 78% used [0x00000000f2180000,0x00000000f68698e8,0x00000000f7c00000)
  to   space 100864K, 0% used [0x00000000f9d80000,0x00000000f9d80000,0x0000000100000000)
 ParOldGen       total 400896K, used 199507K [0x0000000080000000, 0x0000000098780000, 0x00000000d5580000)
  object space 400896K, 49% used [0x0000000080000000,0x000000008c2d4c00,0x0000000098780000)
 Metaspace       used 75726K, capacity 78809K, committed 79144K, reserved 1118208K
  class space    used 10276K, capacity 10948K, committed 11056K, reserved 1048576K
}
Event: 123.918 GC heap before
{Heap before GC invocations=22 (full 4):
 PSYoungGen      total 563712K, used 543654K [0x00000000d5580000, 0x0000000100000000, 0x0000000100000000)
  eden space 471040K, 100% used [0x00000000d5580000,0x00000000f2180000,0x00000000f2180000)
  from space 92672K, 78% used [0x00000000f2180000,0x00000000f68698e8,0x00000000f7c00000)
  to   space 100864K, 0% used [0x00000000f9d80000,0x00000000f9d80000,0x0000000100000000)
 ParOldGen       total 400896K, used 199682K [0x0000000080000000, 0x0000000098780000, 0x00000000d5580000)
  object space 400896K, 49% used [0x0000000080000000,0x000000008c300848,0x0000000098780000)
 Metaspace       used 75852K, capacity 78923K, committed 79400K, reserved 1118208K
  class space    used 10287K, capacity 10957K, committed 11056K, reserved 1048576K
Event: 123.952 GC heap after
Heap after GC invocations=22 (full 4):
 PSYoungGen      total 575488K, used 84531K [0x00000000d5580000, 0x0000000100000000, 0x0000000100000000)
  eden space 474624K, 0% used [0x00000000d5580000,0x00000000d5580000,0x00000000f2500000)
  from space 100864K, 83% used [0x00000000f9d80000,0x00000000ff00cdd8,0x0000000100000000)
  to   space 112128K, 0% used [0x00000000f2500000,0x00000000f2500000,0x00000000f9280000)
 ParOldGen       total 400896K, used 199690K [0x0000000080000000, 0x0000000098780000, 0x00000000d5580000)
  object space 400896K, 49% used [0x0000000080000000,0x000000008c302848,0x0000000098780000)
 Metaspace       used 75852K, capacity 78923K, committed 79400K, reserved 1118208K
  class space    used 10287K, capacity 10957K, committed 11056K, reserved 1048576K
}
Event: 149.725 GC heap before
{Heap before GC invocations=23 (full 4):
 PSYoungGen      total 575488K, used 559155K [0x00000000d5580000, 0x0000000100000000, 0x0000000100000000)
  eden space 474624K, 100% used [0x00000000d5580000,0x00000000f2500000,0x00000000f2500000)
  from space 100864K, 83% used [0x00000000f9d80000,0x00000000ff00cdd8,0x0000000100000000)
  to   space 112128K, 0% used [0x00000000f2500000,0x00000000f2500000,0x00000000f9280000)
 ParOldGen       total 400896K, used 203371K [0x0000000080000000, 0x0000000098780000, 0x00000000d5580000)
  object space 400896K, 50% used [0x0000000080000000,0x000000008c69ae08,0x0000000098780000)
 Metaspace       used 75886K, capacity 78937K, committed 79400K, reserved 1118208K
  class space    used 10294K, capacity 10962K, committed 11056K, reserved 1048576K
Event: 149.768 GC heap after
Heap after GC invocations=23 (full 4):
 PSYoungGen      total 586752K, used 112118K [0x00000000d5580000, 0x0000000100000000, 0x0000000100000000)
  eden space 474624K, 0% used [0x00000000d5580000,0x00000000d5580000,0x00000000f2500000)
  from space 112128K, 99% used [0x00000000f2500000,0x00000000f927d9f0,0x00000000f9280000)
  to   space 112128K, 0% used [0x00000000f9280000,0x00000000f9280000,0x0000000100000000)
 ParOldGen       total 400896K, used 226754K [0x0000000080000000, 0x0000000098780000, 0x00000000d5580000)
  object space 400896K, 56% used [0x0000000080000000,0x000000008dd70900,0x0000000098780000)
 Metaspace       used 75886K, capacity 78937K, committed 79400K, reserved 1118208K
  class space    used 10294K, capacity 10962K, committed 11056K, reserved 1048576K
}

